<?xml version="1.0" encoding="UTF-8"?>
<!-- Generated by org.testng.reporters.JUnitReportReporter -->
<testsuite hostname="SHUBHAMS_Lappy" failures="0" tests="1" name="testcases.signUp" time="20.623" errors="0" timestamp="2023-08-02T19:45:16 IST" skipped="0">
  <testcase classname="testcases.signUp" name="verifySignup" time="20.623"/>
</testsuite> <!-- testcases.signUp -->
