<?xml version="1.0" encoding="UTF-8"?>
<!-- Generated by org.testng.reporters.JUnitReportReporter -->
<testsuite hostname="SHUBHAMS_Lappy" failures="0" tests="1" name="testcases.login" time="4.070" errors="0" timestamp="2023-08-05T16:38:07 IST" skipped="0">
  <testcase classname="testcases.login" name="werifyLogin" time="4.070"/>
</testsuite> <!-- testcases.login -->
