<?xml version="1.0" encoding="UTF-8"?>
<!-- Generated by org.testng.reporters.JUnitReportReporter -->
<testsuite hostname="SHUBHAMS_Lappy" failures="0" tests="1" name="testcases.signUp" time="19.360" errors="0" timestamp="2023-08-05T16:38:07 IST" skipped="0">
  <testcase classname="testcases.signUp" name="verifySignup" time="19.360"/>
</testsuite> <!-- testcases.signUp -->
